2019-12-05 09:51:03,059 [Worker-2: Loading available Gradle versions] INFO  o.e.b.c.i.u.g.PublishedGradleVersions - Gradle version information cache is up-to-date. Trying to read.
2019-12-05 09:51:58,946 [Worker-12: Building workspace] INFO  o.e.m.c.i.l.LifecycleMappingFactory - Using org.eclipse.m2e.jdt.JarLifecycleMapping lifecycle mapping for MavenProject: mysql:mysql-connector-java:@MYSQL_CJ_VERSION@ @ C:\Users\abdul\eclipse-workspace\CDMS\library\src\build\misc\pom.xml.
2019-12-05 09:52:00,609 [Worker-10: Updating Maven Dependencies] INFO  o.e.m.c.i.l.LifecycleMappingFactory - Using org.eclipse.m2e.jdt.JarLifecycleMapping lifecycle mapping for MavenProject: mysql:mysql-connector-java:@MYSQL_CJ_VERSION@ @ C:\Users\abdul\eclipse-workspace\CDMS\library\src\build\misc\pom.xml.
2019-12-05 09:52:00,798 [Worker-3: Download sources and javadoc] INFO  o.e.m.c.i.e.AbstractTransferListenerAdapter - Downloaded https://repo.maven.apache.org/maven2/com/google/protobuf/protobuf-java/3.6.1/protobuf-java-3.6.1-sources.jar
2019-12-05 09:52:00,821 [Worker-3: Download sources and javadoc] ERROR o.e.m.j.internal.DownloadSourcesJob - Could not download sources for com.google.protobuf:protobuf-java:3.6.1
org.eclipse.core.runtime.CoreException: Could not resolve artifact com.google.protobuf:protobuf-java:jar:sources:3.6.1
	at org.eclipse.m2e.core.internal.embedder.MavenImpl.lambda$4(MavenImpl.java:801) ~[org.eclipse.m2e.core_1.13.0.20190716-1624.jar:na]
	at org.eclipse.m2e.core.internal.embedder.MavenExecutionContext.executeBare(MavenExecutionContext.java:177) ~[org.eclipse.m2e.core_1.13.0.20190716-1624.jar:na]
	at org.eclipse.m2e.core.internal.embedder.MavenExecutionContext.execute(MavenExecutionContext.java:112) ~[org.eclipse.m2e.core_1.13.0.20190716-1624.jar:na]
	at org.eclipse.m2e.core.internal.embedder.MavenExecutionContext.execute(MavenExecutionContext.java:99) ~[org.eclipse.m2e.core_1.13.0.20190716-1624.jar:na]
	at org.eclipse.m2e.core.internal.embedder.MavenImpl.resolve(MavenImpl.java:769) ~[org.eclipse.m2e.core_1.13.0.20190716-1624.jar:na]
	at org.eclipse.m2e.core.internal.embedder.MavenImpl.resolve(MavenImpl.java:746) ~[org.eclipse.m2e.core_1.13.0.20190716-1624.jar:na]
	at org.eclipse.m2e.jdt.internal.DownloadSourcesJob.download(DownloadSourcesJob.java:328) [org.eclipse.m2e.jdt_1.13.0.20190716-1624.jar:na]
	at org.eclipse.m2e.jdt.internal.DownloadSourcesJob.downloadAttachments(DownloadSourcesJob.java:302) [org.eclipse.m2e.jdt_1.13.0.20190716-1624.jar:na]
	at org.eclipse.m2e.jdt.internal.DownloadSourcesJob.downloadMaven(DownloadSourcesJob.java:267) [org.eclipse.m2e.jdt_1.13.0.20190716-1624.jar:na]
	at org.eclipse.m2e.jdt.internal.DownloadSourcesJob.downloadFilesAndPopulateToUpdate(DownloadSourcesJob.java:231) [org.eclipse.m2e.jdt_1.13.0.20190716-1624.jar:na]
	at org.eclipse.m2e.jdt.internal.DownloadSourcesJob.lambda$0(DownloadSourcesJob.java:159) [org.eclipse.m2e.jdt_1.13.0.20190716-1624.jar:na]
	at org.eclipse.m2e.core.internal.embedder.MavenExecutionContext.executeBare(MavenExecutionContext.java:177) ~[org.eclipse.m2e.core_1.13.0.20190716-1624.jar:na]
	at org.eclipse.m2e.core.internal.embedder.MavenExecutionContext.execute(MavenExecutionContext.java:151) ~[org.eclipse.m2e.core_1.13.0.20190716-1624.jar:na]
	at org.eclipse.m2e.core.internal.embedder.MavenExecutionContext.execute(MavenExecutionContext.java:99) ~[org.eclipse.m2e.core_1.13.0.20190716-1624.jar:na]
	at org.eclipse.m2e.core.internal.embedder.MavenImpl.execute(MavenImpl.java:1374) ~[org.eclipse.m2e.core_1.13.0.20190716-1624.jar:na]
	at org.eclipse.m2e.jdt.internal.DownloadSourcesJob.run(DownloadSourcesJob.java:159) [org.eclipse.m2e.jdt_1.13.0.20190716-1624.jar:na]
	at org.eclipse.core.internal.jobs.Worker.run(Worker.java:63) ~[org.eclipse.core.jobs_3.10.500.v20190620-1426.jar:na]
2019-12-05 09:52:00,842 [Worker-3: Download sources and javadoc] INFO  o.e.m.c.i.e.AbstractTransferListenerAdapter - Downloaded https://repo.maven.apache.org/maven2/com/google/protobuf/protobuf-java/3.6.1/protobuf-java-3.6.1-javadoc.jar
2019-12-05 09:52:00,857 [Worker-3: Download sources and javadoc] ERROR o.e.m.j.internal.DownloadSourcesJob - Could not download javadoc for com.google.protobuf:protobuf-java:3.6.1
org.eclipse.core.runtime.CoreException: Could not resolve artifact com.google.protobuf:protobuf-java:jar:javadoc:3.6.1
	at org.eclipse.m2e.core.internal.embedder.MavenImpl.lambda$4(MavenImpl.java:801) ~[org.eclipse.m2e.core_1.13.0.20190716-1624.jar:na]
	at org.eclipse.m2e.core.internal.embedder.MavenExecutionContext.executeBare(MavenExecutionContext.java:177) ~[org.eclipse.m2e.core_1.13.0.20190716-1624.jar:na]
	at org.eclipse.m2e.core.internal.embedder.MavenExecutionContext.execute(MavenExecutionContext.java:112) ~[org.eclipse.m2e.core_1.13.0.20190716-1624.jar:na]
	at org.eclipse.m2e.core.internal.embedder.MavenExecutionContext.execute(MavenExecutionContext.java:99) ~[org.eclipse.m2e.core_1.13.0.20190716-1624.jar:na]
	at org.eclipse.m2e.core.internal.embedder.MavenImpl.resolve(MavenImpl.java:769) ~[org.eclipse.m2e.core_1.13.0.20190716-1624.jar:na]
	at org.eclipse.m2e.core.internal.embedder.MavenImpl.resolve(MavenImpl.java:746) ~[org.eclipse.m2e.core_1.13.0.20190716-1624.jar:na]
	at org.eclipse.m2e.jdt.internal.DownloadSourcesJob.download(DownloadSourcesJob.java:328) [org.eclipse.m2e.jdt_1.13.0.20190716-1624.jar:na]
	at org.eclipse.m2e.jdt.internal.DownloadSourcesJob.downloadAttachments(DownloadSourcesJob.java:314) [org.eclipse.m2e.jdt_1.13.0.20190716-1624.jar:na]
	at org.eclipse.m2e.jdt.internal.DownloadSourcesJob.downloadMaven(DownloadSourcesJob.java:267) [org.eclipse.m2e.jdt_1.13.0.20190716-1624.jar:na]
	at org.eclipse.m2e.jdt.internal.DownloadSourcesJob.downloadFilesAndPopulateToUpdate(DownloadSourcesJob.java:231) [org.eclipse.m2e.jdt_1.13.0.20190716-1624.jar:na]
	at org.eclipse.m2e.jdt.internal.DownloadSourcesJob.lambda$0(DownloadSourcesJob.java:159) [org.eclipse.m2e.jdt_1.13.0.20190716-1624.jar:na]
	at org.eclipse.m2e.core.internal.embedder.MavenExecutionContext.executeBare(MavenExecutionContext.java:177) ~[org.eclipse.m2e.core_1.13.0.20190716-1624.jar:na]
	at org.eclipse.m2e.core.internal.embedder.MavenExecutionContext.execute(MavenExecutionContext.java:151) ~[org.eclipse.m2e.core_1.13.0.20190716-1624.jar:na]
	at org.eclipse.m2e.core.internal.embedder.MavenExecutionContext.execute(MavenExecutionContext.java:99) ~[org.eclipse.m2e.core_1.13.0.20190716-1624.jar:na]
	at org.eclipse.m2e.core.internal.embedder.MavenImpl.execute(MavenImpl.java:1374) ~[org.eclipse.m2e.core_1.13.0.20190716-1624.jar:na]
	at org.eclipse.m2e.jdt.internal.DownloadSourcesJob.run(DownloadSourcesJob.java:159) [org.eclipse.m2e.jdt_1.13.0.20190716-1624.jar:na]
	at org.eclipse.core.internal.jobs.Worker.run(Worker.java:63) ~[org.eclipse.core.jobs_3.10.500.v20190620-1426.jar:na]
2019-12-05 09:52:50,792 [Worker-4: Loading available Gradle versions] INFO  o.e.b.c.i.u.g.PublishedGradleVersions - Gradle version information cache is up-to-date. Trying to read.
